2025-08-12 08:59:13,424 - telethon.network.mtprotosender - INFO - Connecting to 149.154.167.51:443/TcpFull...
2025-08-12 08:59:13,550 - telethon.network.mtprotosender - INFO - Connection to 149.154.167.51:443/TcpFull complete!
2025-08-12 08:59:14,332 - root - INFO - Загрузка системных модулей...
2025-08-12 08:59:14,346 - root - INFO - Системный модуль help загружен
2025-08-12 08:59:14,346 - root - INFO - Загрузка пользовательских модулей...
2025-08-12 08:59:14,351 - root - INFO - Модуль typing загружен (команд: 5)
2025-08-12 08:59:14,354 - root - INFO - Модуль love загружен (команд: 4)
2025-08-12 08:59:14,356 - root - INFO - Модуль loadmod загружен (команд: 3)
2025-08-12 08:59:14,359 - root - INFO - Модуль tools загружен (команд: 4)
2025-08-12 08:59:14,512 - root - INFO - Бот запущен как @nnnrodnoy (ID: 8100663243)
2025-08-12 08:59:57,871 - telethon.client.updates - INFO - Got difference for channel 2610915471 updates
2025-08-12 09:01:15,622 - telethon.network.mtprotosender - INFO - Disconnecting from 149.154.167.51:443/TcpFull...
2025-08-12 09:01:15,623 - telethon.network.mtprotosender - INFO - Disconnection from 149.154.167.51:443/TcpFull complete!
2025-08-12 09:01:17,472 - telethon.network.mtprotosender - INFO - Connecting to 149.154.167.51:443/TcpFull...
2025-08-12 09:01:17,590 - telethon.network.mtprotosender - INFO - Connection to 149.154.167.51:443/TcpFull complete!
2025-08-12 09:01:18,094 - root - INFO - Загрузка системных модулей...
2025-08-12 09:01:18,155 - root - INFO - Системный модуль help загружен
2025-08-12 09:01:18,156 - root - INFO - Загрузка пользовательских модулей...
2025-08-12 09:01:18,160 - root - INFO - Модуль typing загружен (команд: 5)
2025-08-12 09:01:18,162 - root - INFO - Модуль love загружен (команд: 4)
2025-08-12 09:01:18,164 - root - INFO - Модуль loadmod загружен (команд: 3)
2025-08-12 09:01:18,166 - root - INFO - Модуль tools загружен (команд: 4)
2025-08-12 09:01:18,249 - root - INFO - Бот запущен как @nnnrodnoy (ID: 8100663243)
2025-08-12 09:04:28,668 - telethon.client.updates - INFO - Got difference for channel 1406276499 updates
2025-08-12 09:04:56,923 - telethon.client.updates - INFO - Got difference for channel 1868595492 updates
2025-08-12 09:05:51,258 - telethon.network.mtprotosender - INFO - Disconnecting from 149.154.167.51:443/TcpFull...
2025-08-12 09:05:51,259 - telethon.network.mtprotosender - INFO - Disconnection from 149.154.167.51:443/TcpFull complete!
2025-08-12 09:05:53,204 - telethon.network.mtprotosender - INFO - Connecting to 149.154.167.51:443/TcpFull...
2025-08-12 09:05:53,311 - telethon.network.mtprotosender - INFO - Connection to 149.154.167.51:443/TcpFull complete!
2025-08-12 09:05:54,072 - root - INFO - Загрузка системных модулей...
2025-08-12 09:05:54,113 - root - INFO - Системный модуль help загружен
2025-08-12 09:05:54,113 - root - INFO - Загрузка пользовательских модулей...
2025-08-12 09:05:54,118 - root - INFO - Модуль typing загружен (команд: 5)
2025-08-12 09:05:54,121 - root - INFO - Модуль love загружен (команд: 4)
2025-08-12 09:05:54,125 - root - INFO - Модуль loadmod загружен (команд: 3)
2025-08-12 09:05:54,127 - root - INFO - Модуль tools загружен (команд: 4)
2025-08-12 09:05:54,275 - root - INFO - Бот запущен как @nnnrodnoy (ID: 8100663243)
2025-08-12 09:07:50,777 - telethon.client.updates - INFO - Got difference for account updates
2025-08-12 09:07:51,448 - telethon.client.updates - INFO - Got difference for channel 1966255283 updates
2025-08-12 09:08:03,000 - telethon.client.updates - INFO - Got difference for channel 1966255283 updates
2025-08-12 09:08:08,406 - telethon.client.updates - INFO - Got difference for channel 2698481806 updates
2025-08-12 09:08:13,504 - telethon.client.updates - INFO - Got difference for channel 2698481806 updates
2025-08-12 09:08:13,607 - telethon.client.updates - INFO - Got difference for channel 1966255283 updates
2025-08-12 09:08:17,955 - telethon.client.updates - INFO - Got difference for channel 1966255283 updates
2025-08-12 09:08:22,689 - telethon.client.updates - INFO - Got difference for channel 1966255283 updates
2025-08-12 09:08:23,582 - telethon.client.updates - INFO - Got difference for channel 2698481806 updates
2025-08-12 09:08:31,795 - telethon.client.updates - INFO - Got difference for channel 1966255283 updates
2025-08-12 09:08:35,886 - telethon.client.updates - INFO - Got difference for channel 1966255283 updates
2025-08-12 09:08:37,125 - telethon.client.updates - INFO - Got difference for channel 2698481806 updates
2025-08-12 09:08:39,196 - telethon.client.updates - INFO - Got difference for channel 1966255283 updates
2025-08-12 09:08:47,573 - telethon.client.updates - INFO - Got difference for channel 1966255283 updates
2025-08-12 09:09:05,932 - telethon.client.updates - INFO - Got difference for channel 1966255283 updates
2025-08-12 09:09:12,933 - telethon.client.updates - INFO - Got difference for channel 1966255283 updates
2025-08-12 09:09:26,125 - telethon.client.updates - INFO - Got difference for channel 1966255283 updates
2025-08-12 09:09:30,945 - telethon.client.updates - INFO - Got difference for channel 1966255283 updates
2025-08-12 09:09:40,543 - telethon.client.updates - INFO - Got difference for channel 1966255283 updates
2025-08-12 09:09:40,675 - telethon.client.updates - INFO - Got difference for channel 2698481806 updates
2025-08-12 09:09:46,638 - telethon.client.updates - INFO - Got difference for channel 1966255283 updates
2025-08-12 09:09:48,142 - telethon.client.updates - INFO - Got difference for channel 1966255283 updates
2025-08-12 09:09:52,112 - telethon.client.updates - INFO - Got difference for channel 1966255283 updates
2025-08-12 09:09:54,902 - telethon.client.updates - INFO - Got difference for channel 1966255283 updates
2025-08-12 09:10:01,117 - telethon.client.updates - INFO - Got difference for channel 1966255283 updates
2025-08-12 09:10:12,274 - telethon.client.updates - INFO - Got difference for channel 1966255283 updates
2025-08-12 09:10:25,463 - telethon.client.updates - INFO - Got difference for channel 1966255283 updates
2025-08-12 09:10:28,651 - telethon.client.updates - INFO - Got difference for channel 1966255283 updates
2025-08-12 09:10:46,597 - telethon.client.updates - INFO - Got difference for channel 1966255283 updates
2025-08-12 09:11:04,276 - telethon.client.updates - INFO - Got difference for channel 1966255283 updates
2025-08-12 09:11:08,322 - telethon.client.updates - INFO - Got difference for channel 1966255283 updates
2025-08-12 09:11:27,816 - telethon.client.updates - INFO - Got difference for channel 1966255283 updates
2025-08-12 09:11:33,717 - telethon.client.updates - INFO - Got difference for channel 1966255283 updates
2025-08-12 09:11:34,396 - telethon.client.updates - INFO - Got difference for account updates
2025-08-12 09:11:34,552 - telethon.client.updates - INFO - Got difference for channel 1966255283 updates
2025-08-12 09:11:46,518 - telethon.client.updates - INFO - Got difference for channel 1966255283 updates
2025-08-12 09:11:53,831 - telethon.client.updates - INFO - Got difference for channel 1966255283 updates
2025-08-12 09:12:10,397 - telethon.client.updates - INFO - Got difference for channel 1966255283 updates
2025-08-12 09:12:25,793 - telethon.client.updates - INFO - Got difference for channel 2698481806 updates
2025-08-12 09:12:35,297 - telethon.client.updates - INFO - Got difference for channel 1966255283 updates
2025-08-12 09:12:35,931 - telethon.client.updates - INFO - Got difference for channel 2698481806 updates
2025-08-12 09:12:43,196 - telethon.client.updates - INFO - Got difference for channel 1966255283 updates
2025-08-12 09:12:47,077 - telethon.client.updates - INFO - Got difference for channel 2698481806 updates
2025-08-12 09:13:00,074 - telethon.client.updates - INFO - Got difference for channel 1966255283 updates
2025-08-12 09:13:05,753 - telethon.client.updates - INFO - Got difference for channel 1966255283 updates
2025-08-12 09:13:23,196 - telethon.client.updates - INFO - Got difference for channel 1966255283 updates
2025-08-12 09:13:39,758 - telethon.client.updates - INFO - Got difference for channel 1966255283 updates
2025-08-12 09:13:46,047 - telethon.client.updates - INFO - Got difference for channel 1966255283 updates
2025-08-12 09:13:54,940 - telethon.client.updates - INFO - Got difference for channel 1966255283 updates
2025-08-12 09:14:00,954 - telethon.client.updates - INFO - Got difference for channel 1966255283 updates
2025-08-12 09:14:14,077 - telethon.client.updates - INFO - Got difference for channel 1966255283 updates
2025-08-12 09:14:14,244 - telethon.client.updates - INFO - Got difference for channel 2698481806 updates
2025-08-12 09:14:27,084 - telethon.client.updates - INFO - Got difference for channel 1966255283 updates
2025-08-12 09:14:37,408 - telethon.client.updates - INFO - Got difference for channel 1966255283 updates
2025-08-12 09:14:42,394 - telethon.client.updates - INFO - Got difference for channel 1966255283 updates
2025-08-12 09:14:47,854 - telethon.client.updates - INFO - Got difference for channel 1966255283 updates
2025-08-12 09:14:51,905 - telethon.client.updates - INFO - Got difference for channel 1966255283 updates
2025-08-12 09:14:59,184 - telethon.client.updates - INFO - Got difference for channel 1966255283 updates
2025-08-12 09:15:01,995 - telethon.client.updates - INFO - Got difference for channel 1966255283 updates
2025-08-12 09:15:24,875 - telethon.client.updates - INFO - Got difference for channel 1966255283 updates
2025-08-12 09:15:27,398 - telethon.client.updates - INFO - Got difference for channel 2698481806 updates
2025-08-12 09:16:01,604 - telethon.client.updates - INFO - Got difference for channel 1966255283 updates
2025-08-12 09:16:05,757 - telethon.client.updates - INFO - Got difference for channel 1966255283 updates
2025-08-12 09:16:14,312 - telethon.client.updates - INFO - Got difference for channel 1966255283 updates
2025-08-12 09:16:19,119 - telethon.client.updates - INFO - Got difference for channel 1966255283 updates
2025-08-12 09:16:28,700 - telethon.client.updates - INFO - Got difference for channel 1966255283 updates
2025-08-12 09:16:32,874 - telethon.client.updates - INFO - Got difference for channel 1966255283 updates
2025-08-12 09:16:46,397 - telethon.client.updates - INFO - Got difference for channel 2698481806 updates
2025-08-12 09:16:47,036 - telethon.client.updates - INFO - Got difference for channel 1966255283 updates
2025-08-12 09:16:54,220 - telethon.client.updates - INFO - Got difference for channel 1966255283 updates
2025-08-12 09:17:02,553 - telethon.client.updates - INFO - Got difference for channel 1966255283 updates
2025-08-12 09:17:13,682 - telethon.client.updates - INFO - Got difference for channel 2698481806 updates
2025-08-12 09:17:13,797 - telethon.client.updates - INFO - Got difference for channel 1966255283 updates
2025-08-12 09:17:19,036 - telethon.client.updates - INFO - Got difference for channel 1966255283 updates
2025-08-12 09:17:19,377 - telethon.network.mtprotosender - INFO - Disconnecting from 149.154.167.51:443/TcpFull...
2025-08-12 09:17:19,378 - telethon.network.mtprotosender - INFO - Disconnection from 149.154.167.51:443/TcpFull complete!
2025-08-12 09:17:23,004 - telethon.network.mtprotosender - INFO - Connecting to 149.154.167.51:443/TcpFull...
2025-08-12 09:17:23,117 - telethon.network.mtprotosender - INFO - Connection to 149.154.167.51:443/TcpFull complete!
2025-08-12 09:17:23,773 - root - INFO - Загрузка системных модулей...
2025-08-12 09:17:23,809 - root - INFO - Системный модуль help загружен
2025-08-12 09:17:23,811 - root - INFO - Загрузка пользовательских модулей...
2025-08-12 09:17:23,815 - root - INFO - Модуль typing загружен (команд: 5)
2025-08-12 09:17:23,817 - root - INFO - Модуль love загружен (команд: 4)
2025-08-12 09:17:23,818 - root - INFO - Модуль loadmod загружен (команд: 3)
2025-08-12 09:17:23,820 - root - INFO - Модуль tools загружен (команд: 4)
2025-08-12 09:17:23,990 - root - INFO - Бот запущен как @nnnrodnoy (ID: 8100663243)
2025-08-12 09:17:50,210 - telethon.client.updates - INFO - Got difference for channel 1966255283 updates
2025-08-12 09:17:56,405 - telethon.client.updates - INFO - Got difference for channel 1966255283 updates
2025-08-12 09:17:56,599 - telethon.client.updates - INFO - Got difference for channel 2453877393 updates
2025-08-12 09:18:06,474 - telethon.client.updates - INFO - Got difference for channel 2698481806 updates
2025-08-12 09:18:06,599 - telethon.client.updates - INFO - Got difference for channel 2453877393 updates
2025-08-12 09:18:06,740 - telethon.client.updates - INFO - Got difference for channel 1966255283 updates
2025-08-12 09:18:12,962 - telethon.client.updates - INFO - Got difference for channel 1966255283 updates
2025-08-12 09:18:20,963 - telethon.client.updates - INFO - Got difference for channel 1966255283 updates
2025-08-12 09:18:21,084 - telethon.client.updates - INFO - Got difference for channel 2453877393 updates
2025-08-12 09:18:21,176 - telethon.client.updates - INFO - Got difference for channel 2698481806 updates
2025-08-12 09:18:29,648 - telethon.client.updates - INFO - Got difference for channel 2453877393 updates
2025-08-12 09:18:29,874 - telethon.client.updates - INFO - Got difference for channel 1966255283 updates
2025-08-12 09:18:33,393 - telethon.client.updates - INFO - Got difference for channel 2453877393 updates
2025-08-12 09:18:37,140 - telethon.client.updates - INFO - Got difference for channel 1966255283 updates
2025-08-12 09:18:41,395 - telethon.client.updates - INFO - Got difference for channel 2453877393 updates
2025-08-12 09:18:47,022 - telethon.client.updates - INFO - Got difference for channel 1966255283 updates
2025-08-12 09:18:54,324 - telethon.client.updates - INFO - Got difference for channel 2453877393 updates
2025-08-12 09:18:54,453 - telethon.client.updates - INFO - Got difference for channel 1966255283 updates
2025-08-12 09:18:57,977 - telethon.client.updates - INFO - Got difference for channel 2453877393 updates
2025-08-12 09:19:05,752 - telethon.client.updates - INFO - Got difference for channel 1966255283 updates
2025-08-12 09:19:09,139 - telethon.client.updates - INFO - Got difference for channel 2453877393 updates
2025-08-12 09:19:17,233 - telethon.client.updates - INFO - Got difference for channel 1966255283 updates
2025-08-12 09:19:19,196 - telethon.client.updates - INFO - Got difference for channel 2453877393 updates
2025-08-12 09:19:24,604 - telethon.client.updates - INFO - Got difference for channel 1966255283 updates
2025-08-12 09:19:30,193 - telethon.client.updates - INFO - Got difference for channel 1966255283 updates
2025-08-12 09:19:36,991 - telethon.client.updates - INFO - Got difference for channel 2453877393 updates
2025-08-12 09:19:44,405 - telethon.client.updates - INFO - Got difference for channel 2453877393 updates
2025-08-12 09:19:44,515 - telethon.client.updates - INFO - Got difference for channel 2698481806 updates
2025-08-12 09:19:44,633 - telethon.client.updates - INFO - Got difference for channel 1966255283 updates
2025-08-12 09:19:47,187 - telethon.client.updates - INFO - Got difference for channel 2453877393 updates
2025-08-12 09:19:52,196 - telethon.client.updates - INFO - Got difference for channel 1966255283 updates
2025-08-12 09:20:06,676 - telethon.client.updates - INFO - Got difference for channel 1966255283 updates
2025-08-12 09:20:06,765 - telethon.client.updates - INFO - Got difference for channel 2453877393 updates
2025-08-12 09:20:16,238 - telethon.client.updates - INFO - Got difference for channel 2453877393 updates
2025-08-12 09:20:24,273 - telethon.client.updates - INFO - Got difference for channel 1966255283 updates
2025-08-12 09:20:33,275 - telethon.client.updates - INFO - Got difference for channel 2453877393 updates
2025-08-12 09:20:34,753 - telethon.client.updates - INFO - Got difference for channel 1966255283 updates
2025-08-12 09:20:38,243 - telethon.client.updates - INFO - Got difference for channel 1966255283 updates
2025-08-12 09:20:52,018 - telethon.client.updates - INFO - Got difference for channel 2453877393 updates
2025-08-12 09:21:01,130 - telethon.client.updates - INFO - Got difference for channel 1966255283 updates
2025-08-12 09:21:01,988 - telethon.client.updates - INFO - Got difference for channel 2453877393 updates
2025-08-12 09:21:03,103 - telethon.client.updates - INFO - Got difference for channel 1966255283 updates
2025-08-12 09:21:03,328 - telethon.client.updates - INFO - Got difference for channel 2698481806 updates
2025-08-12 09:21:06,430 - telethon.client.updates - INFO - Got difference for channel 1966255283 updates
2025-08-12 09:21:11,101 - telethon.client.updates - INFO - Got difference for channel 1966255283 updates
2025-08-12 09:21:18,183 - telethon.client.updates - INFO - Got difference for channel 2453877393 updates
2025-08-12 09:21:20,160 - telethon.client.updates - INFO - Got difference for channel 2698481806 updates
2025-08-12 09:21:20,924 - telethon.client.updates - INFO - Got difference for channel 1966255283 updates
2025-08-12 09:21:29,124 - telethon.client.updates - INFO - Got difference for channel 1966255283 updates
2025-08-12 09:21:33,815 - telethon.client.updates - INFO - Got difference for channel 1966255283 updates
2025-08-12 09:21:35,685 - telethon.client.updates - INFO - Got difference for channel 1966255283 updates
2025-08-12 09:21:47,072 - telethon.client.updates - INFO - Got difference for channel 2453877393 updates
2025-08-12 09:21:47,199 - telethon.client.updates - INFO - Got difference for channel 1966255283 updates
2025-08-12 09:21:51,857 - telethon.client.updates - INFO - Got difference for channel 1966255283 updates
2025-08-12 09:21:58,196 - telethon.client.updates - INFO - Got difference for channel 1966255283 updates
2025-08-12 09:21:58,324 - telethon.client.updates - INFO - Got difference for channel 2453877393 updates
2025-08-12 09:22:07,076 - telethon.client.updates - INFO - Got difference for channel 1966255283 updates
2025-08-12 09:22:09,192 - telethon.client.updates - INFO - Got difference for channel 2453877393 updates
2025-08-12 09:22:09,376 - telethon.client.updates - INFO - Got difference for channel 2698481806 updates
2025-08-12 09:22:18,175 - telethon.client.updates - INFO - Got difference for channel 2453877393 updates
2025-08-12 09:22:24,651 - telethon.client.updates - INFO - Got difference for channel 1966255283 updates
2025-08-12 09:22:25,267 - telethon.client.updates - INFO - Got difference for channel 2453877393 updates
2025-08-12 09:22:27,467 - telethon.client.updates - INFO - Got difference for channel 1966255283 updates
2025-08-12 09:22:30,561 - telethon.client.updates - INFO - Got difference for channel 2453877393 updates
2025-08-12 09:22:37,640 - telethon.client.updates - INFO - Got difference for channel 2453877393 updates
2025-08-12 09:22:37,778 - telethon.client.updates - INFO - Got difference for channel 1966255283 updates
2025-08-12 09:22:51,040 - telethon.client.updates - INFO - Got difference for channel 1966255283 updates
2025-08-12 09:22:51,159 - telethon.client.updates - INFO - Got difference for channel 2453877393 updates
2025-08-12 09:22:59,116 - telethon.client.updates - INFO - Got difference for channel 2453877393 updates
2025-08-12 09:22:59,234 - telethon.client.updates - INFO - Got difference for channel 1966255283 updates
2025-08-12 09:23:00,877 - telethon.client.updates - INFO - Got difference for channel 1966255283 updates
2025-08-12 09:23:13,765 - telethon.client.updates - INFO - Got difference for channel 2698481806 updates
2025-08-12 09:23:13,873 - telethon.client.updates - INFO - Got difference for channel 2453877393 updates
2025-08-12 09:23:13,991 - telethon.client.updates - INFO - Got difference for channel 1966255283 updates
2025-08-12 09:23:21,434 - telethon.client.updates - INFO - Got difference for channel 2453877393 updates
2025-08-12 09:23:21,553 - telethon.client.updates - INFO - Got difference for channel 1966255283 updates
2025-08-12 09:23:24,566 - telethon.client.updates - INFO - Got difference for channel 1966255283 updates
2025-08-12 09:23:27,639 - telethon.client.updates - INFO - Got difference for channel 1966255283 updates
2025-08-12 09:23:37,832 - telethon.client.updates - INFO - Got difference for channel 1966255283 updates
2025-08-12 09:23:37,952 - telethon.client.updates - INFO - Got difference for channel 2453877393 updates
2025-08-12 09:23:38,274 - telethon.client.updates - INFO - Got difference for channel 2698481806 updates
2025-08-12 09:23:46,118 - telethon.client.updates - INFO - Got difference for channel 1966255283 updates
2025-08-12 09:23:46,382 - telethon.client.updates - INFO - Got difference for channel 2453877393 updates
2025-08-12 09:23:49,142 - telethon.client.updates - INFO - Got difference for channel 1966255283 updates
2025-08-12 09:23:52,431 - telethon.client.updates - INFO - Got difference for channel 1966255283 updates
2025-08-12 09:23:52,593 - telethon.client.updates - INFO - Got difference for channel 2453877393 updates
2025-08-12 09:23:55,361 - telethon.client.updates - INFO - Got difference for channel 1966255283 updates
2025-08-12 09:24:01,550 - telethon.client.updates - INFO - Got difference for channel 1966255283 updates
2025-08-12 09:24:04,735 - telethon.client.updates - INFO - Got difference for channel 2453877393 updates
2025-08-12 09:24:07,755 - telethon.client.updates - INFO - Got difference for channel 1966255283 updates
2025-08-12 09:24:10,589 - telethon.client.updates - INFO - Got difference for channel 2453877393 updates
2025-08-12 09:24:15,032 - telethon.client.updates - INFO - Got difference for channel 2698481806 updates
2025-08-12 09:24:15,138 - telethon.client.updates - INFO - Got difference for channel 1966255283 updates
2025-08-12 09:24:18,390 - telethon.client.updates - INFO - Got difference for channel 1966255283 updates
2025-08-12 09:24:20,636 - telethon.client.updates - INFO - Got difference for channel 1966255283 updates
2025-08-12 09:24:20,755 - telethon.client.updates - INFO - Got difference for channel 2453877393 updates
2025-08-12 09:24:24,635 - telethon.client.updates - INFO - Got difference for channel 1966255283 updates
2025-08-12 09:24:28,833 - telethon.client.updates - INFO - Got difference for channel 1966255283 updates
2025-08-12 09:24:38,795 - telethon.client.updates - INFO - Got difference for channel 2453877393 updates
2025-08-12 09:24:38,950 - telethon.client.updates - INFO - Got difference for channel 1966255283 updates
2025-08-12 09:24:42,479 - telethon.client.updates - INFO - Got difference for channel 2453877393 updates
2025-08-12 09:24:44,688 - telethon.client.updates - INFO - Got difference for channel 1966255283 updates
2025-08-12 09:24:44,832 - telethon.client.updates - INFO - Got difference for channel 2698481806 updates
2025-08-12 09:24:52,006 - telethon.client.updates - INFO - Got difference for channel 1966255283 updates
2025-08-12 09:24:56,953 - telethon.client.updates - INFO - Got difference for channel 1966255283 updates
2025-08-12 09:24:57,076 - telethon.client.updates - INFO - Got difference for channel 2453877393 updates
2025-08-12 09:25:04,556 - telethon.client.updates - INFO - Got difference for channel 1966255283 updates
2025-08-12 09:25:05,161 - telethon.client.updates - INFO - Got difference for channel 2453877393 updates
2025-08-12 09:25:13,632 - telethon.client.updates - INFO - Got difference for channel 2453877393 updates
2025-08-12 09:25:14,355 - telethon.client.updates - INFO - Got difference for channel 1966255283 updates
2025-08-12 09:25:23,451 - telethon.client.updates - INFO - Got difference for channel 2698481806 updates
2025-08-12 09:25:23,594 - telethon.client.updates - INFO - Got difference for channel 1966255283 updates
2025-08-12 09:25:31,815 - telethon.client.updates - INFO - Got difference for channel 2453877393 updates
2025-08-12 09:25:36,955 - telethon.client.updates - INFO - Got difference for channel 1966255283 updates
2025-08-12 09:25:42,487 - telethon.client.updates - INFO - Got difference for channel 1966255283 updates
2025-08-12 09:25:48,113 - telethon.client.updates - INFO - Got difference for channel 2698481806 updates
2025-08-12 09:25:48,232 - telethon.client.updates - INFO - Got difference for channel 2453877393 updates
2025-08-12 09:25:54,074 - telethon.client.updates - INFO - Got difference for channel 2453877393 updates
2025-08-12 09:26:04,517 - telethon.client.updates - INFO - Got difference for channel 1966255283 updates
2025-08-12 09:26:04,698 - telethon.client.updates - INFO - Got difference for channel 2453877393 updates
2025-08-12 09:26:09,239 - telethon.client.updates - INFO - Got difference for account updates
2025-08-12 09:26:09,686 - telethon.client.updates - INFO - Got difference for channel 2453877393 updates
2025-08-12 09:26:17,754 - telethon.client.updates - INFO - Got difference for channel 1966255283 updates
2025-08-12 09:26:24,297 - telethon.client.updates - INFO - Got difference for channel 2698481806 updates
2025-08-12 09:26:24,402 - telethon.client.updates - INFO - Got difference for channel 2453877393 updates
2025-08-12 09:26:29,802 - telethon.client.updates - INFO - Got difference for channel 2453877393 updates
2025-08-12 09:26:39,412 - telethon.client.updates - INFO - Got difference for channel 2453877393 updates
2025-08-12 09:26:39,516 - telethon.client.updates - INFO - Got difference for channel 1966255283 updates
2025-08-12 09:26:46,346 - telethon.client.updates - INFO - Got difference for channel 2453877393 updates
2025-08-12 09:26:48,044 - telethon.client.updates - INFO - Got difference for channel 2453877393 updates
2025-08-12 09:26:48,152 - telethon.client.updates - INFO - Got difference for channel 1966255283 updates
2025-08-12 09:26:57,644 - telethon.client.updates - INFO - Got difference for channel 1966255283 updates
2025-08-12 09:27:04,159 - telethon.client.updates - INFO - Got difference for channel 1966255283 updates
2025-08-12 09:27:05,114 - telethon.client.updates - INFO - Got difference for channel 2453877393 updates
2025-08-12 09:27:08,480 - telethon.client.updates - INFO - Got difference for channel 1966255283 updates
2025-08-12 09:27:15,992 - telethon.client.updates - INFO - Got difference for channel 1966255283 updates
2025-08-12 09:27:24,632 - telethon.client.updates - INFO - Got difference for channel 2453877393 updates
2025-08-12 09:27:24,735 - telethon.client.updates - INFO - Got difference for channel 1966255283 updates
2025-08-12 09:27:34,959 - telethon.client.updates - INFO - Got difference for channel 1966255283 updates
2025-08-12 09:27:38,293 - telethon.client.updates - INFO - Got difference for channel 1966255283 updates
2025-08-12 09:27:38,433 - telethon.client.updates - INFO - Got difference for channel 2453877393 updates
2025-08-12 09:27:41,037 - telethon.client.updates - INFO - Got difference for channel 2453877393 updates
2025-08-12 09:27:46,592 - telethon.client.updates - INFO - Got difference for channel 2453877393 updates
2025-08-12 09:27:48,228 - telethon.client.updates - INFO - Got difference for channel 1966255283 updates
2025-08-12 09:27:59,435 - telethon.client.updates - INFO - Got difference for channel 2453877393 updates
2025-08-12 09:27:59,556 - telethon.client.updates - INFO - Got difference for channel 1966255283 updates
2025-08-12 09:28:04,637 - telethon.client.updates - INFO - Got difference for channel 2453877393 updates
2025-08-12 09:28:05,284 - telethon.client.updates - INFO - Got difference for channel 1966255283 updates
2025-08-12 09:28:13,268 - telethon.client.updates - INFO - Got difference for channel 2698481806 updates
2025-08-12 09:28:20,320 - telethon.client.updates - INFO - Got difference for channel 1966255283 updates
2025-08-12 09:28:24,719 - telethon.client.updates - INFO - Got difference for channel 2453877393 updates
2025-08-12 09:28:32,954 - telethon.client.updates - INFO - Got difference for channel 2698481806 updates
2025-08-12 09:28:33,112 - telethon.client.updates - INFO - Got difference for channel 2453877393 updates
2025-08-12 09:28:33,273 - telethon.client.updates - INFO - Got difference for channel 1966255283 updates
2025-08-12 09:28:39,476 - telethon.client.updates - INFO - Got difference for channel 2453877393 updates
2025-08-12 09:28:45,035 - telethon.client.updates - INFO - Got difference for channel 2453877393 updates
2025-08-12 09:28:45,203 - telethon.client.updates - INFO - Got difference for channel 1966255283 updates
2025-08-12 09:28:48,062 - telethon.client.updates - INFO - Got difference for channel 2580830720 updates
2025-08-12 09:28:51,092 - telethon.client.updates - INFO - Got difference for channel 2453877393 updates
2025-08-12 09:28:56,156 - telethon.client.updates - INFO - Got difference for channel 1966255283 updates
2025-08-12 09:29:02,603 - telethon.client.updates - INFO - Got difference for channel 2453877393 updates
2025-08-12 09:29:05,758 - telethon.client.updates - INFO - Got difference for channel 2453877393 updates
2025-08-12 09:29:05,876 - telethon.client.updates - INFO - Got difference for channel 1966255283 updates
2025-08-12 09:29:09,738 - telethon.client.updates - INFO - Got difference for channel 2698481806 updates
2025-08-12 09:29:12,653 - telethon.client.updates - INFO - Got difference for channel 2453877393 updates
2025-08-12 09:29:12,841 - telethon.client.updates - INFO - Got difference for channel 1966255283 updates
2025-08-12 09:29:19,034 - telethon.client.updates - INFO - Got difference for channel 1966255283 updates
2025-08-12 09:29:19,155 - telethon.client.updates - INFO - Got difference for channel 2453877393 updates
2025-08-12 09:29:23,836 - telethon.client.updates - INFO - Got difference for channel 1966255283 updates
2025-08-12 09:29:29,673 - telethon.client.updates - INFO - Got difference for channel 1966255283 updates
2025-08-12 09:29:33,468 - telethon.client.updates - INFO - Got difference for channel 2453877393 updates
2025-08-12 09:29:41,673 - telethon.client.updates - INFO - Got difference for channel 2453877393 updates
2025-08-12 09:29:41,913 - telethon.client.updates - INFO - Got difference for channel 1966255283 updates
2025-08-12 09:29:45,196 - telethon.client.updates - INFO - Got difference for channel 2698481806 updates
2025-08-12 09:29:56,472 - telethon.client.updates - INFO - Got difference for channel 2453877393 updates
2025-08-12 09:29:56,650 - telethon.client.updates - INFO - Got difference for channel 1966255283 updates
2025-08-12 09:30:03,389 - telethon.client.updates - INFO - Got difference for channel 2453877393 updates
2025-08-12 09:30:03,599 - telethon.client.updates - INFO - Got difference for channel 1966255283 updates
2025-08-12 09:30:08,923 - telethon.client.updates - INFO - Got difference for channel 2698481806 updates
2025-08-12 09:30:11,171 - telethon.client.updates - INFO - Got difference for channel 2453877393 updates
2025-08-12 09:30:15,209 - telethon.network.mtprotosender - INFO - Disconnecting from 149.154.167.51:443/TcpFull...
2025-08-12 09:30:15,210 - telethon.network.mtprotosender - INFO - Disconnection from 149.154.167.51:443/TcpFull complete!
2025-08-12 09:45:43,782 - telethon.network.mtprotosender - INFO - Connecting to 149.154.167.51:443/TcpFull...
2025-08-12 09:45:43,878 - telethon.network.mtprotosender - INFO - Connection to 149.154.167.51:443/TcpFull complete!
2025-08-12 09:45:44,531 - root - INFO - Загрузка системных модулей...
2025-08-12 09:45:44,540 - root - INFO - Системный модуль help загружен
2025-08-12 09:45:44,541 - root - INFO - Загрузка пользовательских модулей...
2025-08-12 09:45:44,546 - root - INFO - Модуль typing загружен (команд: 5)
2025-08-12 09:45:44,549 - root - INFO - Модуль love загружен (команд: 4)
2025-08-12 09:45:44,551 - root - INFO - Модуль loadmod загружен (команд: 3)
2025-08-12 09:45:44,553 - root - INFO - Модуль tools загружен (команд: 4)
2025-08-12 09:45:44,851 - root - INFO - Бот запущен как @nnnrodnoy (ID: 8100663243)
2025-08-12 09:53:40,117 - telethon.network.mtprotosender - INFO - Disconnecting from 149.154.167.51:443/TcpFull...
2025-08-12 09:53:40,117 - telethon.network.mtprotosender - INFO - Disconnection from 149.154.167.51:443/TcpFull complete!
2025-08-12 10:08:32,367 - telethon.network.mtprotosender - INFO - Connecting to 149.154.167.51:443/TcpFull...
2025-08-12 10:08:32,478 - telethon.network.mtprotosender - INFO - Connection to 149.154.167.51:443/TcpFull complete!
2025-08-12 10:08:33,056 - root - INFO - Загрузка системных модулей...
2025-08-12 10:08:33,073 - root - INFO - Системный модуль help загружен
2025-08-12 10:08:33,073 - root - INFO - Загрузка пользовательских модулей...
2025-08-12 10:08:33,079 - root - INFO - Модуль typing загружен (команд: 5)
2025-08-12 10:08:33,084 - root - INFO - Модуль love загружен (команд: 4)
2025-08-12 10:08:33,087 - root - INFO - Модуль loadmod загружен (команд: 3)
2025-08-12 10:08:33,091 - root - INFO - Модуль tools загружен (команд: 4)
2025-08-12 10:08:33,208 - root - INFO - Бот запущен как @nnnrodnoy (ID: 8100663243)
2025-08-12 10:09:28,115 - telethon.network.mtprotosender - INFO - Disconnecting from 149.154.167.51:443/TcpFull...
2025-08-12 10:09:28,116 - telethon.network.mtprotosender - INFO - Disconnection from 149.154.167.51:443/TcpFull complete!
2025-08-13 16:41:56,897 - telethon.network.mtprotosender - INFO - Connecting to 149.154.167.51:443/TcpFull...
2025-08-13 16:41:56,986 - telethon.network.mtprotosender - INFO - Connection to 149.154.167.51:443/TcpFull complete!
2025-08-13 16:41:57,544 - UserBot - INFO - Модуль typing загружен (команд: 5)
2025-08-13 16:41:57,548 - UserBot - INFO - Модуль love загружен (команд: 4)
2025-08-13 16:41:57,562 - UserBot - INFO - Модуль help загружен (команд: 3)
2025-08-13 16:41:57,564 - UserBot - INFO - Модуль loadmod загружен (команд: 3)
2025-08-13 16:41:57,566 - UserBot - INFO - Модуль tools загружен (команд: 4)
2025-08-13 16:41:57,568 - UserBot - INFO - Модуль example загружен (команд: 3)
2025-08-13 16:41:57,570 - UserBot - INFO - Модуль marker загружен (команд: 3)
2025-08-13 16:41:57,571 - UserBot - INFO - Модуль test загружен (команд: 1)
2025-08-13 16:41:57,690 - UserBot - INFO - Бот запущен как @nnnrodnoy (ID: 8100663243)
2025-08-13 17:06:22,255 - telethon.network.mtprotosender - INFO - Connecting to 149.154.167.51:443/TcpFull...
2025-08-13 17:06:22,344 - telethon.network.mtprotosender - INFO - Connection to 149.154.167.51:443/TcpFull complete!
2025-08-13 17:06:23,025 - UserBot - INFO - Модуль typing загружен (команд: 5)
2025-08-13 17:06:23,033 - UserBot - INFO - Модуль love загружен (команд: 4)
2025-08-13 17:06:23,053 - UserBot - INFO - Модуль help загружен (команд: 3)
2025-08-13 17:06:23,057 - UserBot - INFO - Модуль loadmod загружен (команд: 3)
2025-08-13 17:06:23,061 - UserBot - INFO - Модуль tools загружен (команд: 4)
2025-08-13 17:06:23,079 - UserBot - INFO - Модуль terminal загружен (команд: 4)
2025-08-13 17:06:23,082 - UserBot - INFO - Модуль example загружен (команд: 3)
2025-08-13 17:06:23,087 - UserBot - INFO - Модуль marker загружен (команд: 3)
2025-08-13 17:06:23,092 - UserBot - INFO - Модуль test загружен (команд: 1)
2025-08-13 17:06:23,185 - UserBot - INFO - Бот запущен как @nnnrodnoy (ID: 8100663243)
2025-08-13 17:30:47,629 - telethon.network.mtprotosender - INFO - Connecting to 149.154.167.51:443/TcpFull...
2025-08-13 17:30:47,721 - telethon.network.mtprotosender - INFO - Connection to 149.154.167.51:443/TcpFull complete!
2025-08-13 17:30:48,280 - UserBot - INFO - Модуль typing загружен (команд: 5)
2025-08-13 17:30:48,284 - UserBot - INFO - Модуль love загружен (команд: 4)
2025-08-13 17:30:48,304 - UserBot - INFO - Модуль help загружен (команд: 3)
2025-08-13 17:30:48,309 - UserBot - INFO - Модуль loadmod загружен (команд: 3)
2025-08-13 17:30:48,314 - UserBot - INFO - Модуль tools загружен (команд: 4)
2025-08-13 17:30:48,367 - UserBot - INFO - Модуль terminal загружен (команд: 4)
2025-08-13 17:30:48,371 - UserBot - INFO - Модуль example загружен (команд: 3)
2025-08-13 17:30:48,375 - UserBot - INFO - Модуль marker загружен (команд: 3)
2025-08-13 17:30:48,380 - UserBot - INFO - Модуль test загружен (команд: 1)
2025-08-13 17:30:48,479 - UserBot - INFO - Бот запущен как @nnnrodnoy (ID: 8100663243)
2025-08-13 20:49:20,812 - telethon.network.mtprotosender - INFO - Connecting to 149.154.167.51:443/TcpFull...
2025-08-13 20:49:20,946 - telethon.network.mtprotosender - INFO - Connection to 149.154.167.51:443/TcpFull complete!
2025-08-13 20:49:21,494 - UserBot - INFO - Модуль typing загружен (команд: 5)
2025-08-13 20:49:21,501 - UserBot - INFO - Модуль love загружен (команд: 4)
2025-08-13 20:49:21,514 - UserBot - INFO - Модуль help загружен (команд: 3)
2025-08-13 20:49:21,519 - UserBot - INFO - Модуль loadmod загружен (команд: 3)
2025-08-13 20:49:21,521 - UserBot - INFO - Модуль tools загружен (команд: 4)
2025-08-13 20:49:21,523 - UserBot - INFO - Модуль terminal загружен (команд: 4)
2025-08-13 20:49:21,525 - UserBot - INFO - Модуль example загружен (команд: 3)
2025-08-13 20:49:21,528 - UserBot - INFO - Модуль marker загружен (команд: 3)
2025-08-13 20:49:21,532 - UserBot - INFO - Модуль test загружен (команд: 1)
2025-08-13 20:49:21,626 - UserBot - INFO - Бот запущен как @nnnrodnoy (ID: 8100663243)
2025-08-13 21:35:35,165 - telethon.network.mtprotosender - INFO - Disconnecting from 149.154.167.51:443/TcpFull...
2025-08-13 21:35:35,168 - telethon.network.mtprotosender - INFO - Disconnection from 149.154.167.51:443/TcpFull complete!
2025-08-13 21:35:38,620 - telethon.network.mtprotosender - INFO - Connecting to 149.154.167.51:443/TcpFull...
2025-08-13 21:35:38,720 - telethon.network.mtprotosender - INFO - Connection to 149.154.167.51:443/TcpFull complete!
2025-08-13 21:35:39,799 - UserBot - INFO - Модуль typing загружен (команд: 5)
2025-08-13 21:35:39,803 - UserBot - INFO - Модуль love загружен (команд: 4)
2025-08-13 21:35:39,814 - UserBot - INFO - Модуль help загружен (команд: 3)
2025-08-13 21:35:39,816 - UserBot - INFO - Модуль tools загружен (команд: 4)
2025-08-13 21:35:39,818 - UserBot - INFO - Модуль terminal загружен (команд: 4)
2025-08-13 21:35:39,822 - UserBot - INFO - Модуль example загружен (команд: 3)
2025-08-13 21:35:39,825 - UserBot - INFO - Модуль marker загружен (команд: 3)
2025-08-13 21:35:39,826 - UserBot - INFO - Модуль test загружен (команд: 1)
2025-08-13 21:35:39,863 - UserBot - INFO - Модуль loader загружен (команд: 3)
2025-08-13 21:35:40,127 - UserBot - INFO - Бот запущен как @nnnrodnoy (ID: 8100663243)
2025-08-13 21:36:27,573 - telethon.network.mtprotosender - INFO - Disconnecting from 149.154.167.51:443/TcpFull...
2025-08-13 21:36:27,574 - telethon.network.mtprotosender - INFO - Disconnection from 149.154.167.51:443/TcpFull complete!
2025-08-13 21:36:30,762 - telethon.network.mtprotosender - INFO - Connecting to 149.154.167.51:443/TcpFull...
2025-08-13 21:36:30,855 - telethon.network.mtprotosender - INFO - Connection to 149.154.167.51:443/TcpFull complete!
2025-08-13 21:36:31,441 - UserBot - INFO - Модуль typing загружен (команд: 5)
2025-08-13 21:36:31,444 - UserBot - INFO - Модуль love загружен (команд: 4)
2025-08-13 21:36:31,450 - UserBot - INFO - Модуль help загружен (команд: 3)
2025-08-13 21:36:31,452 - UserBot - INFO - Модуль tools загружен (команд: 4)
2025-08-13 21:36:31,455 - UserBot - INFO - Модуль terminal загружен (команд: 4)
2025-08-13 21:36:31,459 - UserBot - INFO - Модуль marker загружен (команд: 3)
2025-08-13 21:36:31,461 - UserBot - INFO - Модуль test загружен (команд: 1)
2025-08-13 21:36:31,463 - UserBot - INFO - Модуль loader загружен (команд: 3)
2025-08-13 21:36:31,578 - UserBot - INFO - Бот запущен как @nnnrodnoy (ID: 8100663243)
2025-08-13 21:36:39,474 - telethon.client.downloads - INFO - Starting direct file download in chunks of 131072 at 0, stride 131072
2025-08-13 21:38:50,268 - UserBot.Loader - INFO - Модуль Example выгружен
2025-08-13 21:38:57,817 - telethon.client.downloads - INFO - Starting direct file download in chunks of 131072 at 0, stride 131072
2025-08-13 21:41:57,095 - telethon.network.mtprotosender - INFO - Disconnecting from 149.154.167.51:443/TcpFull...
2025-08-13 21:41:57,096 - telethon.network.mtprotosender - INFO - Disconnection from 149.154.167.51:443/TcpFull complete!
2025-08-13 21:42:00,531 - telethon.network.mtprotosender - INFO - Connecting to 149.154.167.51:443/TcpFull...
2025-08-13 21:42:00,631 - telethon.network.mtprotosender - INFO - Connection to 149.154.167.51:443/TcpFull complete!
2025-08-13 21:42:01,455 - UserBot - INFO - Модуль typing загружен (команд: 5)
2025-08-13 21:42:01,462 - UserBot - INFO - Модуль love загружен (команд: 4)
2025-08-13 21:42:01,479 - UserBot - INFO - Модуль help загружен (команд: 3)
2025-08-13 21:42:01,490 - UserBot - INFO - Модуль example загружен (команд: 3)
2025-08-13 21:42:01,498 - UserBot - INFO - Модуль tools загружен (команд: 4)
2025-08-13 21:42:01,502 - UserBot - INFO - Модуль terminal загружен (команд: 4)
2025-08-13 21:42:01,506 - UserBot - INFO - Модуль marker загружен (команд: 3)
2025-08-13 21:42:01,511 - UserBot - INFO - Модуль test загружен (команд: 1)
2025-08-13 21:42:01,594 - UserBot - INFO - Модуль loader загружен (команд: 3)
2025-08-13 21:42:01,782 - UserBot - INFO - Бот запущен как @nnnrodnoy (ID: 8100663243)
2025-08-13 21:42:20,225 - UserBot.Loader - INFO - Модуль Example выгружен
2025-08-13 21:42:31,154 - telethon.client.downloads - INFO - Starting direct file download in chunks of 131072 at 0, stride 131072
2025-08-13 21:43:29,637 - telethon.network.connection.connection - WARNING - Server closed the connection: [Errno 103] Software caused connection abort
2025-08-13 21:43:29,639 - telethon.network.mtprotosender - INFO - Connection closed while receiving data: [Errno 103] Software caused connection abort
2025-08-13 21:43:29,645 - telethon.network.mtprotosender - INFO - Closing current connection to begin reconnect...
2025-08-13 21:43:29,648 - telethon.network.connection.connection - INFO - <class 'ConnectionAbortedError'> during disconnect: [Errno 103] Software caused connection abort
2025-08-13 21:43:29,651 - telethon.network.mtprotosender - INFO - Connecting to 149.154.167.51:443/TcpFull...
2025-08-13 21:43:29,656 - telethon.network.mtprotosender - WARNING - Attempt 1 at connecting failed: OSError: [Errno 101] Network is unreachable
2025-08-13 21:43:36,674 - telethon.network.mtprotosender - INFO - Connection to 149.154.167.51:443/TcpFull complete!
2025-08-13 21:56:09,523 - telethon.network.mtprotosender - INFO - Disconnecting from 149.154.167.51:443/TcpFull...
2025-08-13 21:56:09,526 - telethon.network.mtprotosender - INFO - Disconnection from 149.154.167.51:443/TcpFull complete!
2025-08-13 21:56:12,917 - telethon.network.mtprotosender - INFO - Connecting to 149.154.167.51:443/TcpFull...
2025-08-13 21:56:13,752 - telethon.network.mtprotosender - INFO - Connection to 149.154.167.51:443/TcpFull complete!
2025-08-13 21:56:25,818 - UserBot - INFO - Модуль typing загружен (команд: 5)
2025-08-13 21:56:25,823 - UserBot - INFO - Модуль love загружен (команд: 4)
2025-08-13 21:56:25,842 - UserBot - INFO - Модуль help загружен (команд: 3)
2025-08-13 21:56:25,845 - UserBot - INFO - Модуль example загружен (команд: 3)
2025-08-13 21:56:25,848 - UserBot - INFO - Модуль tools загружен (команд: 4)
2025-08-13 21:56:25,851 - UserBot - INFO - Модуль terminal загружен (команд: 4)
2025-08-13 21:56:25,853 - UserBot - INFO - Модуль marker загружен (команд: 3)
2025-08-13 21:56:25,856 - UserBot - INFO - Модуль test загружен (команд: 1)
2025-08-13 21:56:25,928 - UserBot - INFO - Модуль loader загружен (команд: 3)
2025-08-13 21:56:26,062 - UserBot - INFO - Бот запущен как @nnnrodnoy (ID: 8100663243)
2025-08-13 21:56:48,456 - UserBot.Loader - INFO - Модуль Example выгружен
2025-08-13 21:56:58,356 - telethon.client.downloads - INFO - Starting direct file download in chunks of 131072 at 0, stride 131072
2025-08-13 22:16:15,094 - telethon.network.mtprotosender - INFO - Disconnecting from 149.154.167.51:443/TcpFull...
2025-08-13 22:16:15,095 - telethon.network.mtprotosender - INFO - Disconnection from 149.154.167.51:443/TcpFull complete!
2025-08-13 22:16:19,351 - telethon.network.mtprotosender - INFO - Connecting to 149.154.167.51:443/TcpFull...
2025-08-13 22:16:19,471 - telethon.network.mtprotosender - INFO - Connection to 149.154.167.51:443/TcpFull complete!
2025-08-13 22:16:22,840 - UserBot - INFO - Модуль typing загружен (команд: 5)
2025-08-13 22:16:22,843 - UserBot - INFO - Модуль love загружен (команд: 4)
2025-08-13 22:16:22,851 - UserBot - INFO - Модуль help загружен (команд: 3)
2025-08-13 22:16:22,852 - UserBot - INFO - Модуль example загружен (команд: 3)
2025-08-13 22:16:22,853 - UserBot - INFO - Модуль tools загружен (команд: 4)
2025-08-13 22:16:22,855 - UserBot - INFO - Модуль terminal загружен (команд: 4)
2025-08-13 22:16:22,856 - UserBot - INFO - Модуль marker загружен (команд: 3)
2025-08-13 22:16:22,858 - UserBot - INFO - Модуль test загружен (команд: 1)
2025-08-13 22:16:22,927 - UserBot - INFO - Модуль loader загружен (команд: 3)
2025-08-13 22:16:23,135 - UserBot - INFO - Бот запущен как @nnnrodnoy (ID: 8100663243)
2025-08-13 22:16:35,843 - UserBot.Loader - INFO - Модуль Example выгружен
2025-08-13 22:17:04,502 - telethon.client.downloads - INFO - Starting direct file download in chunks of 131072 at 0, stride 131072
2025-08-13 22:24:48,134 - telethon.network.mtprotosender - INFO - Disconnecting from 149.154.167.51:443/TcpFull...
2025-08-13 22:24:48,137 - telethon.network.mtprotosender - INFO - Disconnection from 149.154.167.51:443/TcpFull complete!
2025-08-13 22:24:51,164 - telethon.network.mtprotosender - INFO - Connecting to 149.154.167.51:443/TcpFull...
2025-08-13 22:24:51,294 - telethon.network.mtprotosender - INFO - Connection to 149.154.167.51:443/TcpFull complete!
2025-08-13 22:24:52,945 - UserBot - INFO - Модуль typing загружен (команд: 5)
2025-08-13 22:24:52,948 - UserBot - INFO - Модуль love загружен (команд: 4)
2025-08-13 22:24:52,962 - UserBot - INFO - Модуль help загружен (команд: 3)
2025-08-13 22:24:52,968 - UserBot - INFO - Модуль example загружен (команд: 3)
2025-08-13 22:24:52,974 - UserBot - INFO - Модуль tools загружен (команд: 4)
2025-08-13 22:24:52,980 - UserBot - INFO - Модуль terminal загружен (команд: 4)
2025-08-13 22:24:52,990 - UserBot - INFO - Модуль marker загружен (команд: 3)
2025-08-13 22:24:52,994 - UserBot - INFO - Модуль test загружен (команд: 1)
2025-08-13 22:24:53,088 - UserBot - INFO - Модуль loader загружен (команд: 3)
2025-08-13 22:24:53,216 - UserBot - INFO - Бот запущен как @nnnrodnoy (ID: 8100663243)
2025-08-13 22:25:33,871 - UserBot.Loader - INFO - Модуль Example выгружен
2025-08-13 22:25:55,508 - telethon.client.downloads - INFO - Starting direct file download in chunks of 131072 at 0, stride 131072
2025-08-13 22:32:28,469 - UserBot.Loader - INFO - Модуль Example выгружен
2025-08-13 22:38:14,109 - telethon.network.mtprotosender - INFO - Disconnecting from 149.154.167.51:443/TcpFull...
2025-08-13 22:38:14,110 - telethon.network.mtprotosender - INFO - Disconnection from 149.154.167.51:443/TcpFull complete!
2025-08-13 22:38:16,957 - telethon.network.mtprotosender - INFO - Connecting to 149.154.167.51:443/TcpFull...
2025-08-13 22:38:17,094 - telethon.network.mtprotosender - INFO - Connection to 149.154.167.51:443/TcpFull complete!
2025-08-13 22:38:18,097 - UserBot - INFO - Модуль typing загружен (команд: 5)
2025-08-13 22:38:18,099 - UserBot - INFO - Модуль love загружен (команд: 4)
2025-08-13 22:38:18,112 - UserBot - INFO - Модуль help загружен (команд: 3)
2025-08-13 22:38:18,114 - UserBot - INFO - Модуль tools загружен (команд: 4)
2025-08-13 22:38:18,116 - UserBot - INFO - Модуль terminal загружен (команд: 4)
2025-08-13 22:38:18,118 - UserBot - INFO - Модуль marker загружен (команд: 3)
2025-08-13 22:38:18,119 - UserBot - INFO - Модуль test загружен (команд: 1)
2025-08-13 22:38:18,160 - UserBot - INFO - Модуль loader загружен (команд: 3)
2025-08-13 22:38:18,414 - UserBot - INFO - Бот запущен как @nnnrodnoy (ID: 8100663243)
2025-08-13 22:38:43,915 - telethon.client.downloads - INFO - Starting direct file download in chunks of 131072 at 0, stride 131072
2025-08-13 22:40:00,068 - UserBot.Loader - INFO - Модуль Example выгружен
2025-08-13 22:40:20,909 - telethon.client.downloads - INFO - Starting direct file download in chunks of 131072 at 0, stride 131072
2025-08-13 22:47:42,197 - telethon.network.mtprotosender - INFO - Connecting to 149.154.167.51:443/TcpFull...
2025-08-13 22:47:42,334 - telethon.network.mtprotosender - INFO - Connection to 149.154.167.51:443/TcpFull complete!
2025-08-13 22:47:43,201 - UserBot - INFO - Модуль typing загружен (команд: 5)
2025-08-13 22:47:43,206 - UserBot - INFO - Модуль love загружен (команд: 4)
2025-08-13 22:47:43,216 - UserBot - INFO - Модуль help загружен (команд: 3)
2025-08-13 22:47:43,218 - UserBot - INFO - Модуль example загружен (команд: 3)
2025-08-13 22:47:43,220 - UserBot - INFO - Модуль tools загружен (команд: 4)
2025-08-13 22:47:43,221 - UserBot - INFO - Модуль terminal загружен (команд: 4)
2025-08-13 22:47:43,223 - UserBot - INFO - Модуль marker загружен (команд: 3)
2025-08-13 22:47:43,224 - UserBot - INFO - Модуль test загружен (команд: 1)
2025-08-13 22:47:43,261 - UserBot - INFO - Модуль loader загружен (команд: 3)
2025-08-13 22:47:43,387 - UserBot - INFO - Бот запущен как @nnnrodnoy (ID: 8100663243)
2025-08-13 22:47:59,024 - UserBot.Loader - INFO - Модуль Example выгружен
2025-08-13 22:48:09,082 - telethon.client.downloads - INFO - Starting direct file download in chunks of 131072 at 0, stride 131072
2025-08-13 22:48:09,597 - UserBot.Loader - INFO - Модуль Example загружен (команд: 3)
2025-08-13 22:49:46,828 - UserBot.Loader - INFO - Модуль Love выгружен
2025-08-13 22:49:54,446 - telethon.client.downloads - INFO - Starting direct file download in chunks of 131072 at 0, stride 131072
2025-08-13 22:49:54,824 - UserBot.Loader - INFO - Модуль Love загружен (команд: 4)
2025-08-13 22:53:16,551 - telethon.network.mtprotosender - INFO - Disconnecting from 149.154.167.51:443/TcpFull...
2025-08-13 22:53:16,552 - telethon.network.mtprotosender - INFO - Disconnection from 149.154.167.51:443/TcpFull complete!
2025-08-13 22:53:19,640 - telethon.network.mtprotosender - INFO - Connecting to 149.154.167.51:443/TcpFull...
2025-08-13 22:53:19,772 - telethon.network.mtprotosender - INFO - Connection to 149.154.167.51:443/TcpFull complete!
2025-08-13 22:53:20,599 - UserBot - INFO - Модуль typing загружен (команд: 5)
2025-08-13 22:53:20,600 - UserBot - INFO - Модуль love загружен (команд: 4)
2025-08-13 22:53:20,609 - UserBot - INFO - Модуль help загружен (команд: 3)
2025-08-13 22:53:20,612 - UserBot - INFO - Модуль example загружен (команд: 3)
2025-08-13 22:53:20,613 - UserBot - INFO - Модуль tools загружен (команд: 4)
2025-08-13 22:53:20,615 - UserBot - INFO - Модуль terminal загружен (команд: 4)
2025-08-13 22:53:20,616 - UserBot - INFO - Модуль marker загружен (команд: 3)
2025-08-13 22:53:20,617 - UserBot - INFO - Модуль test загружен (команд: 1)
2025-08-13 22:53:20,660 - UserBot - INFO - Модуль loader загружен (команд: 3)
2025-08-13 22:53:20,774 - UserBot - INFO - Бот запущен как @nnnrodnoy (ID: 8100663243)
2025-08-13 22:53:33,008 - UserBot.Loader - ERROR - Ошибка обновления анимации: Content of the message was not modified (caused by EditMessageRequest)
2025-08-13 22:54:01,373 - UserBot.Loader - ERROR - Ошибка обновления анимации: The specified message ID is invalid or you can't do that operation on such message (caused by EditMessageRequest)
2025-08-13 22:54:01,701 - UserBot.Loader - ERROR - Ошибка обновления анимации: The specified message ID is invalid or you can't do that operation on such message (caused by EditMessageRequest)
2025-08-13 22:54:02,054 - UserBot.Loader - ERROR - Ошибка обновления анимации: The specified message ID is invalid or you can't do that operation on such message (caused by EditMessageRequest)
2025-08-13 22:54:02,377 - UserBot.Loader - ERROR - Ошибка обновления анимации: The specified message ID is invalid or you can't do that operation on such message (caused by EditMessageRequest)
2025-08-13 22:54:02,696 - UserBot.Loader - ERROR - Ошибка обновления анимации: The specified message ID is invalid or you can't do that operation on such message (caused by EditMessageRequest)
2025-08-13 22:54:03,018 - UserBot.Loader - ERROR - Ошибка обновления анимации: The specified message ID is invalid or you can't do that operation on such message (caused by EditMessageRequest)
2025-08-13 22:54:03,351 - UserBot.Loader - ERROR - Ошибка обновления анимации: The specified message ID is invalid or you can't do that operation on such message (caused by EditMessageRequest)
2025-08-13 22:54:03,655 - UserBot.Loader - ERROR - Ошибка обновления анимации: The specified message ID is invalid or you can't do that operation on such message (caused by EditMessageRequest)
2025-08-13 22:54:03,975 - UserBot.Loader - ERROR - Ошибка обновления анимации: The specified message ID is invalid or you can't do that operation on such message (caused by EditMessageRequest)
2025-08-13 22:54:04,292 - UserBot.Loader - ERROR - Ошибка обновления анимации: The specified message ID is invalid or you can't do that operation on such message (caused by EditMessageRequest)
2025-08-13 22:54:04,655 - UserBot.Loader - ERROR - Ошибка обновления анимации: The specified message ID is invalid or you can't do that operation on such message (caused by EditMessageRequest)
2025-08-13 22:54:04,975 - UserBot.Loader - ERROR - Ошибка обновления анимации: The specified message ID is invalid or you can't do that operation on such message (caused by EditMessageRequest)
2025-08-13 22:54:05,355 - UserBot.Loader - ERROR - Ошибка обновления анимации: The specified message ID is invalid or you can't do that operation on such message (caused by EditMessageRequest)
2025-08-13 22:54:05,696 - UserBot.Loader - ERROR - Ошибка обновления анимации: The specified message ID is invalid or you can't do that operation on such message (caused by EditMessageRequest)
2025-08-13 22:54:06,079 - UserBot.Loader - ERROR - Ошибка обновления анимации: The specified message ID is invalid or you can't do that operation on such message (caused by EditMessageRequest)
2025-08-13 22:54:06,567 - UserBot.Loader - ERROR - Ошибка обновления анимации: The specified message ID is invalid or you can't do that operation on such message (caused by EditMessageRequest)
2025-08-13 22:54:07,056 - UserBot.Loader - ERROR - Ошибка обновления анимации: The specified message ID is invalid or you can't do that operation on such message (caused by EditMessageRequest)
2025-08-13 22:54:07,386 - UserBot.Loader - ERROR - Ошибка обновления анимации: The specified message ID is invalid or you can't do that operation on such message (caused by EditMessageRequest)
2025-08-13 22:54:07,747 - UserBot.Loader - ERROR - Ошибка обновления анимации: The specified message ID is invalid or you can't do that operation on such message (caused by EditMessageRequest)
2025-08-13 22:54:08,065 - UserBot.Loader - ERROR - Ошибка обновления анимации: The specified message ID is invalid or you can't do that operation on such message (caused by EditMessageRequest)
2025-08-13 22:54:08,421 - UserBot.Loader - ERROR - Ошибка обновления анимации: The specified message ID is invalid or you can't do that operation on such message (caused by EditMessageRequest)
2025-08-13 22:54:08,745 - UserBot.Loader - ERROR - Ошибка обновления анимации: The specified message ID is invalid or you can't do that operation on such message (caused by EditMessageRequest)
2025-08-13 22:54:09,074 - UserBot.Loader - ERROR - Ошибка обновления анимации: The specified message ID is invalid or you can't do that operation on such message (caused by EditMessageRequest)
2025-08-13 22:54:09,435 - UserBot.Loader - ERROR - Ошибка обновления анимации: The specified message ID is invalid or you can't do that operation on such message (caused by EditMessageRequest)
2025-08-13 22:54:09,786 - UserBot.Loader - ERROR - Ошибка обновления анимации: The specified message ID is invalid or you can't do that operation on such message (caused by EditMessageRequest)
2025-08-13 22:54:10,415 - UserBot.Loader - ERROR - Ошибка обновления анимации: The specified message ID is invalid or you can't do that operation on such message (caused by EditMessageRequest)
2025-08-13 22:54:10,843 - UserBot.Loader - ERROR - Ошибка обновления анимации: The specified message ID is invalid or you can't do that operation on such message (caused by EditMessageRequest)
2025-08-13 22:54:11,181 - UserBot.Loader - ERROR - Ошибка обновления анимации: The specified message ID is invalid or you can't do that operation on such message (caused by EditMessageRequest)
2025-08-13 22:54:11,533 - UserBot.Loader - ERROR - Ошибка обновления анимации: The specified message ID is invalid or you can't do that operation on such message (caused by EditMessageRequest)
2025-08-13 22:54:11,909 - UserBot.Loader - ERROR - Ошибка обновления анимации: The specified message ID is invalid or you can't do that operation on such message (caused by EditMessageRequest)
2025-08-13 22:54:12,249 - UserBot.Loader - ERROR - Ошибка обновления анимации: The specified message ID is invalid or you can't do that operation on such message (caused by EditMessageRequest)
2025-08-13 22:54:12,575 - UserBot.Loader - ERROR - Ошибка обновления анимации: The specified message ID is invalid or you can't do that operation on such message (caused by EditMessageRequest)
2025-08-13 22:54:12,897 - UserBot.Loader - ERROR - Ошибка обновления анимации: The specified message ID is invalid or you can't do that operation on such message (caused by EditMessageRequest)
2025-08-13 22:54:13,217 - UserBot.Loader - ERROR - Ошибка обновления анимации: The specified message ID is invalid or you can't do that operation on such message (caused by EditMessageRequest)
2025-08-13 22:54:13,535 - UserBot.Loader - ERROR - Ошибка обновления анимации: The specified message ID is invalid or you can't do that operation on such message (caused by EditMessageRequest)
2025-08-13 22:54:13,715 - telethon.client.downloads - INFO - Starting direct file download in chunks of 131072 at 0, stride 131072
2025-08-13 22:54:13,845 - UserBot.Loader - ERROR - Ошибка обновления анимации: The specified message ID is invalid or you can't do that operation on such message (caused by EditMessageRequest)
2025-08-13 22:54:14,172 - UserBot.Loader - ERROR - Ошибка обновления анимации: The specified message ID is invalid or you can't do that operation on such message (caused by EditMessageRequest)
2025-08-13 22:54:14,287 - UserBot.Loader - ERROR - Ошибка обновления анимации: Content of the message was not modified (caused by EditMessageRequest)
2025-08-13 22:54:14,498 - UserBot.Loader - ERROR - Ошибка обновления анимации: The specified message ID is invalid or you can't do that operation on such message (caused by EditMessageRequest)
2025-08-13 22:54:14,828 - UserBot.Loader - ERROR - Ошибка обновления анимации: The specified message ID is invalid or you can't do that operation on such message (caused by EditMessageRequest)
2025-08-13 22:54:15,148 - UserBot.Loader - ERROR - Ошибка обновления анимации: The specified message ID is invalid or you can't do that operation on such message (caused by EditMessageRequest)
2025-08-13 22:54:15,480 - UserBot.Loader - ERROR - Ошибка обновления анимации: The specified message ID is invalid or you can't do that operation on such message (caused by EditMessageRequest)
2025-08-13 22:54:15,819 - UserBot.Loader - ERROR - Ошибка обновления анимации: The specified message ID is invalid or you can't do that operation on such message (caused by EditMessageRequest)
2025-08-13 22:54:16,160 - UserBot.Loader - ERROR - Ошибка обновления анимации: The specified message ID is invalid or you can't do that operation on such message (caused by EditMessageRequest)
2025-08-13 22:54:16,494 - UserBot.Loader - ERROR - Ошибка обновления анимации: The specified message ID is invalid or you can't do that operation on such message (caused by EditMessageRequest)
2025-08-13 22:54:16,816 - UserBot.Loader - ERROR - Ошибка обновления анимации: The specified message ID is invalid or you can't do that operation on such message (caused by EditMessageRequest)
2025-08-13 22:54:17,131 - UserBot.Loader - ERROR - Ошибка обновления анимации: The specified message ID is invalid or you can't do that operation on such message (caused by EditMessageRequest)
2025-08-13 22:54:17,467 - UserBot.Loader - ERROR - Ошибка обновления анимации: The specified message ID is invalid or you can't do that operation on such message (caused by EditMessageRequest)
2025-08-13 22:54:17,835 - UserBot.Loader - ERROR - Ошибка обновления анимации: The specified message ID is invalid or you can't do that operation on such message (caused by EditMessageRequest)
2025-08-13 22:54:18,134 - UserBot.Loader - ERROR - Ошибка обновления анимации: The specified message ID is invalid or you can't do that operation on such message (caused by EditMessageRequest)
2025-08-13 22:54:18,464 - UserBot.Loader - ERROR - Ошибка обновления анимации: The specified message ID is invalid or you can't do that operation on such message (caused by EditMessageRequest)
2025-08-13 22:54:18,817 - UserBot.Loader - ERROR - Ошибка обновления анимации: The specified message ID is invalid or you can't do that operation on such message (caused by EditMessageRequest)
2025-08-13 22:54:19,129 - UserBot.Loader - ERROR - Ошибка обновления анимации: The specified message ID is invalid or you can't do that operation on such message (caused by EditMessageRequest)
2025-08-13 22:54:19,491 - UserBot.Loader - ERROR - Ошибка обновления анимации: The specified message ID is invalid or you can't do that operation on such message (caused by EditMessageRequest)
2025-08-13 22:54:19,857 - UserBot.Loader - ERROR - Ошибка обновления анимации: The specified message ID is invalid or you can't do that operation on such message (caused by EditMessageRequest)
2025-08-13 22:54:20,184 - UserBot.Loader - ERROR - Ошибка обновления анимации: The specified message ID is invalid or you can't do that operation on such message (caused by EditMessageRequest)
2025-08-13 22:54:20,494 - UserBot.Loader - ERROR - Ошибка обновления анимации: The specified message ID is invalid or you can't do that operation on such message (caused by EditMessageRequest)
2025-08-13 22:54:20,796 - UserBot.Loader - ERROR - Ошибка обновления анимации: The specified message ID is invalid or you can't do that operation on such message (caused by EditMessageRequest)
2025-08-13 22:54:21,116 - UserBot.Loader - ERROR - Ошибка обновления анимации: The specified message ID is invalid or you can't do that operation on such message (caused by EditMessageRequest)
2025-08-13 22:54:21,433 - UserBot.Loader - ERROR - Ошибка обновления анимации: The specified message ID is invalid or you can't do that operation on such message (caused by EditMessageRequest)
2025-08-13 22:54:21,777 - UserBot.Loader - ERROR - Ошибка обновления анимации: The specified message ID is invalid or you can't do that operation on such message (caused by EditMessageRequest)
2025-08-13 22:54:22,162 - UserBot.Loader - ERROR - Ошибка обновления анимации: The specified message ID is invalid or you can't do that operation on such message (caused by EditMessageRequest)
2025-08-13 22:54:22,526 - UserBot.Loader - ERROR - Ошибка обновления анимации: The specified message ID is invalid or you can't do that operation on such message (caused by EditMessageRequest)
2025-08-13 22:54:22,973 - UserBot.Loader - ERROR - Ошибка обновления анимации: The specified message ID is invalid or you can't do that operation on such message (caused by EditMessageRequest)
2025-08-13 22:54:23,126 - telethon.network.mtprotosender - INFO - Disconnecting from 149.154.167.51:443/TcpFull...
2025-08-13 22:54:23,127 - telethon.network.mtprotosender - INFO - Disconnection from 149.154.167.51:443/TcpFull complete!
2025-08-13 22:57:26,045 - telethon.network.mtprotosender - INFO - Connecting to 149.154.167.51:443/TcpFull...
2025-08-13 22:57:26,162 - telethon.network.mtprotosender - INFO - Connection to 149.154.167.51:443/TcpFull complete!
2025-08-13 22:57:26,769 - UserBot - INFO - Модуль typing загружен (команд: 5)
2025-08-13 22:57:26,774 - UserBot - INFO - Модуль love загружен (команд: 4)
2025-08-13 22:57:26,804 - UserBot - INFO - Модуль help загружен (команд: 3)
2025-08-13 22:57:26,808 - UserBot - INFO - Модуль example загружен (команд: 3)
2025-08-13 22:57:26,814 - UserBot - INFO - Модуль tools загружен (команд: 4)
2025-08-13 22:57:26,819 - UserBot - INFO - Модуль terminal загружен (команд: 4)
2025-08-13 22:57:26,822 - UserBot - INFO - Модуль marker загружен (команд: 3)
2025-08-13 22:57:26,829 - UserBot - INFO - Модуль test загружен (команд: 1)
2025-08-13 22:57:26,841 - UserBot - INFO - Модуль loader загружен (команд: 3)
2025-08-13 22:57:26,987 - UserBot - INFO - Бот запущен как @nnnrodnoy (ID: 8100663243)
2025-08-13 23:03:44,024 - telethon.network.mtprotosender - INFO - Disconnecting from 149.154.167.51:443/TcpFull...
2025-08-13 23:03:44,025 - telethon.network.mtprotosender - INFO - Disconnection from 149.154.167.51:443/TcpFull complete!
2025-08-13 23:03:47,154 - telethon.network.mtprotosender - INFO - Connecting to 149.154.167.51:443/TcpFull...
2025-08-13 23:03:47,282 - telethon.network.mtprotosender - INFO - Connection to 149.154.167.51:443/TcpFull complete!
2025-08-13 23:03:47,903 - UserBot - INFO - Модуль typing загружен (команд: 5)
2025-08-13 23:03:47,907 - UserBot - INFO - Модуль love загружен (команд: 4)
2025-08-13 23:03:47,917 - UserBot - INFO - Модуль help загружен (команд: 3)
2025-08-13 23:03:47,919 - UserBot - INFO - Модуль example загружен (команд: 3)
2025-08-13 23:03:47,920 - UserBot - INFO - Модуль tools загружен (команд: 4)
2025-08-13 23:03:47,922 - UserBot - INFO - Модуль terminal загружен (команд: 4)
2025-08-13 23:03:47,923 - UserBot - INFO - Модуль marker загружен (команд: 3)
2025-08-13 23:03:47,925 - UserBot - INFO - Модуль test загружен (команд: 1)
2025-08-13 23:03:47,976 - UserBot - INFO - Модуль loader загружен (команд: 3)
2025-08-13 23:03:48,092 - UserBot - INFO - Бот запущен как @nnnrodnoy (ID: 8100663243)
2025-08-13 23:04:32,324 - UserBot.Loader - WARNING - Анимация остановлена: сообщение было удалено
2025-08-13 23:04:32,583 - UserBot.Loader - INFO - Модуль Love выгружен
2025-08-13 23:04:38,864 - telethon.client.downloads - INFO - Starting direct file download in chunks of 131072 at 0, stride 131072
2025-08-13 23:07:35,706 - telethon.network.mtprotosender - INFO - Disconnecting from 149.154.167.51:443/TcpFull...
2025-08-13 23:07:35,724 - UserBot.Loader - ERROR - Ошибка загрузки модуля: Cannot send requests while disconnected
Traceback (most recent call last):
  File "/storage/emulated/0/Download/AyuGram/userbot/modules/loader.py", line 293, in load_module
    await event.edit(loaded_message)
  File "/data/data/com.termux/files/usr/lib/python3.12/site-packages/telethon/tl/custom/message.py", line 838, in edit
    return await self._client.edit_message(
           ^^^^^^^^^^^^^^^^^^^^^^^^^^^^^^^^
  File "/data/data/com.termux/files/usr/lib/python3.12/site-packages/telethon/client/messages.py", line 1259, in edit_message
    msg = self._get_response_message(request, await self(request), entity)
                                              ^^^^^^^^^^^^^^^^^^^
  File "/data/data/com.termux/files/usr/lib/python3.12/site-packages/telethon/client/users.py", line 30, in __call__
    return await self._call(self._sender, request, ordered=ordered)
           ^^^^^^^^^^^^^^^^^^^^^^^^^^^^^^^^^^^^^^^^^^^^^^^^^^^^^^^^
  File "/data/data/com.termux/files/usr/lib/python3.12/site-packages/telethon/client/users.py", line 72, in _call
    future = sender.send(request, ordered=ordered)
             ^^^^^^^^^^^^^^^^^^^^^^^^^^^^^^^^^^^^^
  File "/data/data/com.termux/files/usr/lib/python3.12/site-packages/telethon/network/mtprotosender.py", line 179, in send
    raise ConnectionError('Cannot send requests while disconnected')
ConnectionError: Cannot send requests while disconnected

2025-08-13 23:07:35,725 - UserBot - ERROR - Ошибка в команде .lm: Cannot send requests while disconnected
2025-08-13 23:07:35,726 - telethon.client.updates - ERROR - Unhandled exception on command_handler
Traceback (most recent call last):
  File "/storage/emulated/0/Download/AyuGram/userbot/modules/loader.py", line 293, in load_module
    await event.edit(loaded_message)
  File "/data/data/com.termux/files/usr/lib/python3.12/site-packages/telethon/tl/custom/message.py", line 838, in edit
    return await self._client.edit_message(
           ^^^^^^^^^^^^^^^^^^^^^^^^^^^^^^^^
  File "/data/data/com.termux/files/usr/lib/python3.12/site-packages/telethon/client/messages.py", line 1259, in edit_message
    msg = self._get_response_message(request, await self(request), entity)
                                              ^^^^^^^^^^^^^^^^^^^
  File "/data/data/com.termux/files/usr/lib/python3.12/site-packages/telethon/client/users.py", line 30, in __call__
    return await self._call(self._sender, request, ordered=ordered)
           ^^^^^^^^^^^^^^^^^^^^^^^^^^^^^^^^^^^^^^^^^^^^^^^^^^^^^^^^
  File "/data/data/com.termux/files/usr/lib/python3.12/site-packages/telethon/client/users.py", line 72, in _call
    future = sender.send(request, ordered=ordered)
             ^^^^^^^^^^^^^^^^^^^^^^^^^^^^^^^^^^^^^
  File "/data/data/com.termux/files/usr/lib/python3.12/site-packages/telethon/network/mtprotosender.py", line 179, in send
    raise ConnectionError('Cannot send requests while disconnected')
ConnectionError: Cannot send requests while disconnected

During handling of the above exception, another exception occurred:

Traceback (most recent call last):
  File "/storage/emulated/0/Download/AyuGram/userbot/userbot.py", line 66, in command_handler
    await self.commands[cmd]["handler"](event)
  File "/storage/emulated/0/Download/AyuGram/userbot/modules/loader.py", line 327, in load_module
    await event.edit(
  File "/data/data/com.termux/files/usr/lib/python3.12/site-packages/telethon/tl/custom/message.py", line 838, in edit
    return await self._client.edit_message(
           ^^^^^^^^^^^^^^^^^^^^^^^^^^^^^^^^
  File "/data/data/com.termux/files/usr/lib/python3.12/site-packages/telethon/client/messages.py", line 1259, in edit_message
    msg = self._get_response_message(request, await self(request), entity)
                                              ^^^^^^^^^^^^^^^^^^^
  File "/data/data/com.termux/files/usr/lib/python3.12/site-packages/telethon/client/users.py", line 30, in __call__
    return await self._call(self._sender, request, ordered=ordered)
           ^^^^^^^^^^^^^^^^^^^^^^^^^^^^^^^^^^^^^^^^^^^^^^^^^^^^^^^^
  File "/data/data/com.termux/files/usr/lib/python3.12/site-packages/telethon/client/users.py", line 72, in _call
    future = sender.send(request, ordered=ordered)
             ^^^^^^^^^^^^^^^^^^^^^^^^^^^^^^^^^^^^^
  File "/data/data/com.termux/files/usr/lib/python3.12/site-packages/telethon/network/mtprotosender.py", line 179, in send
    raise ConnectionError('Cannot send requests while disconnected')
ConnectionError: Cannot send requests while disconnected

During handling of the above exception, another exception occurred:

Traceback (most recent call last):
  File "/data/data/com.termux/files/usr/lib/python3.12/site-packages/telethon/client/updates.py", line 570, in _dispatch_update
    await callback(event)
  File "/storage/emulated/0/Download/AyuGram/userbot/userbot.py", line 69, in command_handler
    await event.edit(f"⚠️ Ошибка: {str(e)}")
  File "/data/data/com.termux/files/usr/lib/python3.12/site-packages/telethon/tl/custom/message.py", line 838, in edit
    return await self._client.edit_message(
           ^^^^^^^^^^^^^^^^^^^^^^^^^^^^^^^^
  File "/data/data/com.termux/files/usr/lib/python3.12/site-packages/telethon/client/messages.py", line 1259, in edit_message
    msg = self._get_response_message(request, await self(request), entity)
                                              ^^^^^^^^^^^^^^^^^^^
  File "/data/data/com.termux/files/usr/lib/python3.12/site-packages/telethon/client/users.py", line 30, in __call__
    return await self._call(self._sender, request, ordered=ordered)
           ^^^^^^^^^^^^^^^^^^^^^^^^^^^^^^^^^^^^^^^^^^^^^^^^^^^^^^^^
  File "/data/data/com.termux/files/usr/lib/python3.12/site-packages/telethon/client/users.py", line 72, in _call
    future = sender.send(request, ordered=ordered)
             ^^^^^^^^^^^^^^^^^^^^^^^^^^^^^^^^^^^^^
  File "/data/data/com.termux/files/usr/lib/python3.12/site-packages/telethon/network/mtprotosender.py", line 179, in send
    raise ConnectionError('Cannot send requests while disconnected')
ConnectionError: Cannot send requests while disconnected
2025-08-13 23:07:35,740 - telethon.network.mtprotosender - INFO - Disconnection from 149.154.167.51:443/TcpFull complete!
2025-08-13 23:10:02,396 - telethon.network.mtprotosender - INFO - Connecting to 149.154.167.51:443/TcpFull...
2025-08-13 23:10:02,522 - telethon.network.mtprotosender - INFO - Connection to 149.154.167.51:443/TcpFull complete!
2025-08-13 23:10:03,311 - UserBot - INFO - Модуль typing загружен (команд: 5)
2025-08-13 23:10:03,314 - UserBot - INFO - Модуль love загружен (команд: 4)
2025-08-13 23:10:03,323 - UserBot - INFO - Модуль help загружен (команд: 3)
2025-08-13 23:10:03,324 - UserBot - INFO - Модуль example загружен (команд: 3)
2025-08-13 23:10:03,326 - UserBot - INFO - Модуль tools загружен (команд: 4)
2025-08-13 23:10:03,327 - UserBot - INFO - Модуль terminal загружен (команд: 4)
2025-08-13 23:10:03,329 - UserBot - INFO - Модуль marker загружен (команд: 3)
2025-08-13 23:10:03,330 - UserBot - INFO - Модуль test загружен (команд: 1)
2025-08-13 23:10:03,370 - UserBot - INFO - Модуль loader загружен (команд: 3)
2025-08-13 23:10:03,495 - UserBot - INFO - Бот запущен как @nnnrodnoy (ID: 8100663243)
2025-08-13 23:10:42,189 - telethon.client.downloads - INFO - Starting direct file download in chunks of 131072 at 0, stride 131072
2025-08-13 23:10:43,095 - UserBot.Loader - INFO - Модуль Love загружен (команд: 4)
2025-08-13 23:16:46,565 - telethon.network.mtprotosender - INFO - Disconnecting from 149.154.167.51:443/TcpFull...
2025-08-13 23:16:46,566 - telethon.network.mtprotosender - INFO - Disconnection from 149.154.167.51:443/TcpFull complete!
2025-08-13 23:16:50,479 - telethon.network.mtprotosender - INFO - Connecting to 149.154.167.51:443/TcpFull...
2025-08-13 23:16:50,603 - telethon.network.mtprotosender - INFO - Connection to 149.154.167.51:443/TcpFull complete!
2025-08-13 23:16:51,513 - UserBot - INFO - Модуль typing загружен (команд: 5)
2025-08-13 23:16:51,515 - UserBot - INFO - Модуль love загружен (команд: 4)
2025-08-13 23:16:51,555 - UserBot - INFO - Модуль help загружен (команд: 3)
2025-08-13 23:16:51,560 - UserBot - INFO - Модуль example загружен (команд: 3)
2025-08-13 23:16:51,565 - UserBot - INFO - Модуль tools загружен (команд: 4)
2025-08-13 23:16:51,572 - UserBot - INFO - Модуль terminal загружен (команд: 4)
2025-08-13 23:16:51,578 - UserBot - INFO - Модуль marker загружен (команд: 3)
2025-08-13 23:16:51,585 - UserBot - INFO - Модуль test загружен (команд: 1)
2025-08-13 23:16:51,670 - UserBot - INFO - Модуль loader загружен (команд: 3)
2025-08-13 23:16:51,878 - UserBot - INFO - Бот запущен как @nnnrodnoy (ID: 8100663243)
2025-08-13 23:17:46,909 - telethon.client.downloads - INFO - Starting direct file download in chunks of 131072 at 0, stride 131072
2025-08-13 23:17:47,294 - UserBot.Loader - INFO - Модуль Love загружен (команд: 4)
2025-08-13 23:23:11,845 - telethon.network.mtprotosender - INFO - Disconnecting from 149.154.167.51:443/TcpFull...
2025-08-13 23:23:11,846 - telethon.network.mtprotosender - INFO - Disconnection from 149.154.167.51:443/TcpFull complete!
2025-08-13 23:23:15,375 - telethon.network.mtprotosender - INFO - Connecting to 149.154.167.51:443/TcpFull...
2025-08-13 23:23:15,487 - telethon.network.mtprotosender - INFO - Connection to 149.154.167.51:443/TcpFull complete!
2025-08-13 23:23:16,130 - UserBot - INFO - Модуль typing загружен (команд: 5)
2025-08-13 23:23:16,134 - UserBot - INFO - Модуль love загружен (команд: 4)
2025-08-13 23:23:16,147 - UserBot - INFO - Модуль help загружен (команд: 3)
2025-08-13 23:23:16,149 - UserBot - INFO - Модуль tools загружен (команд: 4)
2025-08-13 23:23:16,151 - UserBot - INFO - Модуль terminal загружен (команд: 4)
2025-08-13 23:23:16,152 - UserBot - INFO - Модуль marker загружен (команд: 3)
2025-08-13 23:23:16,153 - UserBot - INFO - Модуль test загружен (команд: 1)
2025-08-13 23:23:16,187 - UserBot - INFO - Модуль loader загружен (команд: 3)
2025-08-13 23:23:16,330 - UserBot - INFO - Бот запущен как @nnnrodnoy (ID: 8100663243)
2025-08-13 23:23:35,982 - telethon.client.downloads - INFO - Starting direct file download in chunks of 131072 at 0, stride 131072
2025-08-13 23:23:38,492 - UserBot.Loader - INFO - Модуль Example загружен (команд: 3)
2025-08-13 23:25:06,874 - telethon.network.mtprotosender - INFO - Disconnecting from 149.154.167.51:443/TcpFull...
2025-08-13 23:25:06,875 - telethon.network.mtprotosender - INFO - Disconnection from 149.154.167.51:443/TcpFull complete!
2025-08-13 23:25:10,197 - telethon.network.mtprotosender - INFO - Connecting to 149.154.167.51:443/TcpFull...
2025-08-13 23:25:10,322 - telethon.network.mtprotosender - INFO - Connection to 149.154.167.51:443/TcpFull complete!
2025-08-13 23:25:10,924 - UserBot - INFO - Модуль typing загружен (команд: 5)
2025-08-13 23:25:10,930 - UserBot - INFO - Модуль help загружен (команд: 3)
2025-08-13 23:25:10,931 - UserBot - INFO - Модуль example загружен (команд: 3)
2025-08-13 23:25:10,933 - UserBot - INFO - Модуль tools загружен (команд: 4)
2025-08-13 23:25:10,935 - UserBot - INFO - Модуль terminal загружен (команд: 4)
2025-08-13 23:25:10,938 - UserBot - INFO - Модуль marker загружен (команд: 3)
2025-08-13 23:25:10,939 - UserBot - INFO - Модуль test загружен (команд: 1)
2025-08-13 23:25:10,964 - UserBot - INFO - Модуль loader загружен (команд: 3)
2025-08-13 23:25:11,091 - UserBot - INFO - Бот запущен как @nnnrodnoy (ID: 8100663243)
2025-08-13 23:25:59,182 - telethon.client.downloads - INFO - Starting direct file download in chunks of 131072 at 0, stride 131072
2025-08-13 23:26:01,573 - UserBot.Loader - INFO - Модуль Example загружен (команд: 3)
2025-08-13 23:26:40,591 - telethon.client.downloads - INFO - Starting direct file download in chunks of 131072 at 0, stride 131072
2025-08-13 23:26:42,899 - UserBot.Loader - INFO - Модуль Example загружен (команд: 3)
2025-08-13 23:29:09,935 - telethon.network.mtprotosender - INFO - Disconnecting from 149.154.167.51:443/TcpFull...
2025-08-13 23:29:09,936 - telethon.network.mtprotosender - INFO - Disconnection from 149.154.167.51:443/TcpFull complete!
2025-08-14 07:58:46,109 - telethon.network.mtprotosender - INFO - Connecting to 149.154.167.51:443/TcpFull...
2025-08-14 07:58:46,212 - telethon.network.mtprotosender - INFO - Connection to 149.154.167.51:443/TcpFull complete!
2025-08-14 07:58:46,897 - UserBot - INFO - Модуль typing загружен (команд: 5)
2025-08-14 07:58:46,899 - UserBot - INFO - Модуль example загружен (команд: 3)
2025-08-14 07:58:46,911 - UserBot - INFO - Модуль help загружен (команд: 3)
2025-08-14 07:58:46,914 - UserBot - INFO - Модуль tools загружен (команд: 4)
2025-08-14 07:58:46,916 - UserBot - INFO - Модуль terminal загружен (команд: 4)
2025-08-14 07:58:46,920 - UserBot - INFO - Модуль marker загружен (команд: 3)
2025-08-14 07:58:46,923 - UserBot - INFO - Модуль test загружен (команд: 1)
2025-08-14 07:58:46,930 - UserBot - INFO - Модуль loader загружен (команд: 3)
2025-08-14 07:58:47,054 - UserBot - INFO - Бот запущен как @nnnrodnoy (ID: 8100663243)
2025-08-14 08:00:08,166 - telethon.client.downloads - INFO - Starting direct file download in chunks of 131072 at 0, stride 131072
2025-08-14 08:00:10,538 - UserBot.Loader - INFO - Модуль Example загружен (команд: 3)
2025-08-14 09:03:32,415 - telethon.network.mtprotosender - INFO - Connecting to 149.154.167.51:443/TcpFull...
2025-08-14 09:03:32,545 - telethon.network.mtprotosender - INFO - Connection to 149.154.167.51:443/TcpFull complete!
2025-08-14 09:03:33,354 - UserBot - INFO - Модуль typing загружен (команд: 5)
2025-08-14 09:03:33,357 - UserBot - INFO - Модуль example загружен (команд: 3)
2025-08-14 09:03:33,369 - UserBot - INFO - Модуль help загружен (команд: 3)
2025-08-14 09:03:33,371 - UserBot - INFO - Модуль tools загружен (команд: 4)
2025-08-14 09:03:33,372 - UserBot - INFO - Модуль terminal загружен (команд: 4)
2025-08-14 09:03:33,374 - UserBot - INFO - Модуль marker загружен (команд: 3)
2025-08-14 09:03:33,375 - UserBot - INFO - Модуль test загружен (команд: 1)
2025-08-14 09:03:33,381 - UserBot - INFO - Модуль loader загружен (команд: 3)
2025-08-14 09:03:33,516 - UserBot - INFO - Бот запущен как @nnnrodnoy (ID: 8100663243)
2025-08-14 09:04:24,335 - telethon.network.mtprotosender - INFO - Disconnecting from 149.154.167.51:443/TcpFull...
2025-08-14 09:04:24,336 - telethon.network.mtprotosender - INFO - Disconnection from 149.154.167.51:443/TcpFull complete!
2025-08-14 11:29:25,763 - telethon.network.mtprotosender - INFO - Connecting to 149.154.167.51:443/TcpFull...
2025-08-14 11:29:25,866 - telethon.network.mtprotosender - INFO - Connection to 149.154.167.51:443/TcpFull complete!
2025-08-14 11:29:26,870 - UserBot - INFO - Модуль typing загружен (команд: 5)
2025-08-14 11:29:26,874 - UserBot - INFO - Модуль example загружен (команд: 3)
2025-08-14 11:29:26,895 - UserBot - INFO - Модуль help загружен (команд: 3)
2025-08-14 11:29:26,900 - UserBot - INFO - Модуль tools загружен (команд: 4)
2025-08-14 11:29:26,904 - UserBot - INFO - Модуль terminal загружен (команд: 4)
2025-08-14 11:29:26,907 - UserBot - INFO - Модуль marker загружен (команд: 3)
2025-08-14 11:29:26,914 - UserBot - INFO - Модуль test загружен (команд: 1)
2025-08-14 11:29:26,929 - UserBot - INFO - Модуль loader загружен (команд: 3)
2025-08-14 11:29:27,186 - UserBot - INFO - Бот запущен как @nnnrodnoy (ID: 8100663243)
2025-08-14 11:30:34,207 - telethon.client.downloads - INFO - Starting direct file download in chunks of 131072 at 0, stride 131072
2025-08-14 11:30:36,495 - UserBot.Loader - INFO - Модуль Example загружен (команд: 3)
2025-08-14 11:42:31,494 - telethon.network.mtprotosender - INFO - Disconnecting from 149.154.167.51:443/TcpFull...
2025-08-14 11:42:31,498 - telethon.network.mtprotosender - INFO - Disconnection from 149.154.167.51:443/TcpFull complete!
2025-08-14 13:10:17,878 - telethon.network.mtprotosender - INFO - Connecting to 149.154.167.51:443/TcpFull...
2025-08-14 13:10:17,969 - telethon.network.mtprotosender - INFO - Connection to 149.154.167.51:443/TcpFull complete!
2025-08-14 13:10:18,663 - UserBot - INFO - Модуль typing загружен (команд: 5)
2025-08-14 13:10:18,673 - UserBot - INFO - Модуль example загружен (команд: 3)
2025-08-14 13:10:18,691 - UserBot - INFO - Модуль help загружен (команд: 3)
2025-08-14 13:10:18,696 - UserBot - INFO - Модуль tools загружен (команд: 4)
2025-08-14 13:10:18,700 - UserBot - INFO - Модуль terminal загружен (команд: 4)
2025-08-14 13:10:18,706 - UserBot - INFO - Модуль marker загружен (команд: 3)
2025-08-14 13:10:18,710 - UserBot - INFO - Модуль test загружен (команд: 1)
2025-08-14 13:10:18,715 - UserBot - INFO - Модуль loader загружен (команд: 3)
2025-08-14 13:10:18,877 - UserBot - INFO - Бот запущен как @nnnrodnoy (ID: 8100663243)
